<?xml version="1.0" encoding="UTF-8"?>
<!-- Generated by org.testng.reporters.JUnitReportReporter -->
<testsuite hostname="dell-PC" name="com.cucumber.demo.RunCukesTest" tests="4" failures="0" timestamp="3 Sep 2019 15:48:49 GMT" time="68.284" errors="0">
  <testcase name="feature" time="23.388" classname="com.cucumber.demo.RunCukesTest"/>
  <testcase name="feature" time="0.952" classname="com.cucumber.demo.RunCukesTest"/>
  <testcase name="feature" time="43.892" classname="com.cucumber.demo.RunCukesTest"/>
  <testcase name="feature" time="0.052" classname="com.cucumber.demo.RunCukesTest"/>
</testsuite> <!-- com.cucumber.demo.RunCukesTest -->
